2025-06-29 01:38:22,105 - INFO - ðŸ”„ Attempt 1/3 for company: icreatenextgen
2025-06-29 01:38:22,875 - INFO - ðŸš€ Launching browser...
2025-06-29 01:38:23,316 - INFO - ðŸ”§ Setting up context with User-Agent: Mozilla/5.0 (X11; Linux x86_64) AppleWebKit/537.36...
2025-06-29 01:38:23,510 - INFO - ðŸŒ Trying URL: https://www.linkedin.com/company/icreatenextgen/
2025-06-29 01:38:23,510 - INFO - ðŸŒ Navigating to: https://www.linkedin.com/company/icreatenextgen/
2025-06-29 01:38:27,478 - INFO - â³ Waiting for page to stabilize...
2025-06-29 01:38:31,498 - INFO - ðŸ“„ Page title: iCreate | LinkedIn
2025-06-29 01:38:31,498 - INFO - ðŸ” Checking for popups and overlays...
2025-06-29 01:38:34,669 - INFO - âœ… Popup handling completed. Attempts made: 0
2025-06-29 01:38:34,669 - INFO - ðŸ“¦ Loading content strategically...
2025-06-29 01:38:34,669 - INFO - â³ Waiting for main content area...
2025-06-29 01:38:34,694 - INFO - ðŸ“œ Progressive scrolling to load content...
2025-06-29 01:38:34,706 - INFO - ðŸ“ Scrolled to position: 300
2025-06-29 01:38:36,723 - INFO - ðŸ“ Scrolled to position: 600
2025-06-29 01:38:38,737 - INFO - ðŸ“ Scrolled to position: 900
2025-06-29 01:38:40,751 - INFO - ðŸ“ Scrolled to position: 1200
2025-06-29 01:38:42,768 - INFO - ðŸ“ Scrolled to position: 1500
2025-06-29 01:38:44,773 - INFO - ðŸ” Scrolling back to top...
2025-06-29 01:38:47,785 - INFO - ðŸŽ¯ Attempting to navigate to posts section...
2025-06-29 01:38:47,867 - INFO - ðŸ” Found navigation element: '' | href: https://www.linkedin.com/posts/icreatenextgen_startup20-su20sa-g20presidency-activity-7344569593941655552-ew76
2025-06-29 01:38:47,868 - INFO - ðŸŽ¯ Clicking on posts navigation: a[href*="/posts/"]
2025-06-29 01:39:18,104 - INFO - ðŸ“ No posts navigation found, continuing with current page...
2025-06-29 01:39:18,105 - INFO - ðŸ” Starting comprehensive timestamp search...
2025-06-29 01:39:18,105 - INFO - ðŸŽ¯ Strategy 1: CSS Selector search...
2025-06-29 01:39:18,105 - INFO - ðŸ” Searching with 26 CSS selectors...
2025-06-29 01:39:18,113 - INFO - ðŸ“ Selector 1/26: [data-test-id="main-feed-activity-card_entity-lockup"] time -> 0 elements
2025-06-29 01:39:18,129 - INFO - ðŸ“ Selector 2/26: .base-main-feed-card__entity-lockup time -> 10 elements
2025-06-29 01:39:18,153 - INFO - âœ… Found timestamp text: 16h  Edited
2025-06-29 01:39:18,153 - INFO - âœ… Found via CSS selectors: 16h  Edited
2025-06-29 01:39:18,153 - INFO - âœ… SUCCESS: Found timestamp for icreatenextgen: 16h  Edited
2025-06-29 01:43:23,219 - INFO - ðŸ”„ Attempt 1/3 for company: icreatenextgen
2025-06-29 01:43:23,566 - INFO - ðŸš€ Launching browser...
2025-06-29 01:43:23,640 - INFO - ðŸ”§ Setting up context with User-Agent: Mozilla/5.0 (Windows NT 10.0; Win64; x64) AppleWeb...
2025-06-29 01:43:23,704 - INFO - ðŸŒ Trying URL: https://www.linkedin.com/company/icreatenextgen/
2025-06-29 01:43:23,704 - INFO - ðŸŒ Navigating to: https://www.linkedin.com/company/icreatenextgen/
2025-06-29 01:43:28,837 - INFO - â³ Waiting for page to stabilize...
2025-06-29 01:43:32,853 - INFO - ðŸ“„ Page title: iCreate | LinkedIn
2025-06-29 01:43:32,854 - INFO - ðŸ” Checking for popups and overlays...
2025-06-29 01:43:35,907 - INFO - ðŸªŸ Found and closing popup: button[aria-label="Dismiss"]
2025-06-29 01:44:06,112 - INFO - âœ… Popup handling completed. Attempts made: 0
2025-06-29 01:44:06,112 - INFO - ðŸ“¦ Loading content strategically...
2025-06-29 01:44:06,112 - INFO - â³ Waiting for main content area...
2025-06-29 01:44:06,128 - INFO - ðŸ“œ Progressive scrolling to load content...
2025-06-29 01:44:06,134 - INFO - ðŸ“ Scrolled to position: 300
2025-06-29 01:44:08,147 - INFO - ðŸ“ Scrolled to position: 600
2025-06-29 01:44:10,159 - INFO - ðŸ“ Scrolled to position: 900
2025-06-29 01:44:12,172 - INFO - ðŸ“ Scrolled to position: 1200
2025-06-29 01:44:14,182 - INFO - ðŸ“ Scrolled to position: 1500
2025-06-29 01:44:16,186 - INFO - ðŸ” Scrolling back to top...
2025-06-29 01:44:19,194 - INFO - ðŸŽ¯ Attempting to navigate to posts section...
2025-06-29 01:44:19,244 - INFO - ðŸ” Found navigation element: '' | href: https://www.linkedin.com/posts/icreatenextgen_startup20-su20sa-g20presidency-activity-7344569593941655552-ew76
2025-06-29 01:44:19,244 - INFO - ðŸŽ¯ Clicking on posts navigation: a[href*="/posts/"]
2025-06-29 01:44:49,433 - INFO - ðŸ“ No posts navigation found, continuing with current page...
2025-06-29 01:44:49,433 - INFO - ðŸ” Starting comprehensive timestamp search...
2025-06-29 01:44:49,434 - INFO - ðŸŽ¯ Strategy 1: CSS Selector search...
2025-06-29 01:44:49,434 - INFO - ðŸ” Searching with 26 CSS selectors...
2025-06-29 01:44:49,442 - INFO - ðŸ“ Selector 1/26: [data-test-id="main-feed-activity-card_entity-lockup"] time -> 0 elements
2025-06-29 01:44:49,464 - INFO - ðŸ“ Selector 2/26: .base-main-feed-card__entity-lockup time -> 10 elements
2025-06-29 01:44:49,493 - INFO - âœ… Found timestamp text: 16h  Edited
2025-06-29 01:44:49,493 - INFO - âœ… Found via CSS selectors: 16h  Edited
2025-06-29 01:44:49,494 - INFO - âœ… SUCCESS: Found timestamp for icreatenextgen: 16h  Edited
2025-06-29 17:02:14,266 - INFO - ðŸ”„ Attempt 1/3 for company: icreatenextgen
2025-06-29 17:02:15,342 - INFO - ðŸš€ Launching browser...
2025-06-29 17:02:15,936 - INFO - ðŸ”§ Setting up context with User-Agent: Mozilla/5.0 (Macintosh; Intel Mac OS X 10_15_7) Ap...
2025-06-29 17:02:16,162 - INFO - ðŸŒ Trying URL: https://www.linkedin.com/company/icreatenextgen/
2025-06-29 17:02:16,163 - INFO - ðŸŒ Navigating to: https://www.linkedin.com/company/icreatenextgen/
2025-06-29 17:02:20,196 - INFO - â³ Waiting for page to stabilize...
2025-06-29 17:02:24,214 - INFO - ðŸ“„ Page title: iCreate | LinkedIn
2025-06-29 17:02:24,214 - INFO - ðŸ” Checking for popups and overlays...
2025-06-29 17:02:27,396 - INFO - âœ… Popup handling completed. Attempts made: 0
2025-06-29 17:02:27,397 - INFO - ðŸ“¦ Loading content strategically...
2025-06-29 17:02:27,397 - INFO - â³ Waiting for main content area...
2025-06-29 17:02:27,432 - INFO - ðŸ“œ Progressive scrolling to load content...
2025-06-29 17:02:27,445 - INFO - ðŸ“ Scrolled to position: 300
2025-06-29 17:02:29,458 - INFO - ðŸ“ Scrolled to position: 600
2025-06-29 17:02:31,471 - INFO - ðŸ“ Scrolled to position: 900
2025-06-29 17:02:33,485 - INFO - ðŸ“ Scrolled to position: 1200
2025-06-29 17:02:35,501 - INFO - ðŸ“ Scrolled to position: 1500
2025-06-29 17:02:37,508 - INFO - ðŸ” Scrolling back to top...
2025-06-29 17:02:40,520 - INFO - ðŸŽ¯ Attempting to navigate to posts section...
2025-06-29 17:02:40,594 - INFO - ðŸ” Found navigation element: '' | href: https://www.linkedin.com/posts/icreatenextgen_startup20-su20sa-g20presidency-activity-7344569593941655552-ew76
2025-06-29 17:02:40,594 - INFO - ðŸŽ¯ Clicking on posts navigation: a[href*="/posts/"]
2025-06-29 17:03:10,806 - INFO - ðŸ“ No posts navigation found, continuing with current page...
2025-06-29 17:03:10,806 - INFO - ðŸ” Starting comprehensive timestamp search...
2025-06-29 17:03:10,806 - INFO - ðŸŽ¯ Strategy 1: CSS Selector search...
2025-06-29 17:03:10,807 - INFO - ðŸ” Searching with 26 CSS selectors...
2025-06-29 17:03:10,815 - INFO - ðŸ“ Selector 1/26: [data-test-id="main-feed-activity-card_entity-lockup"] time -> 0 elements
2025-06-29 17:03:10,843 - INFO - ðŸ“ Selector 2/26: .base-main-feed-card__entity-lockup time -> 10 elements
2025-06-29 17:03:10,880 - INFO - âœ… Found timestamp text: 1d  Edited
2025-06-29 17:03:10,881 - INFO - âœ… Found via CSS selectors: 1d  Edited
2025-06-29 17:03:10,881 - INFO - âœ… SUCCESS: Found timestamp for icreatenextgen: 1d  Edited
